2023-06-26 20:18:33.922 [info] Added views:workbench.panel.markers.view in workbench.panel.markers
2023-06-26 20:18:33.922 [info] Added views:workbench.panel.output in workbench.panel.output
2023-06-26 20:18:33.922 [info] Added views:terminal in terminal
2023-06-26 20:18:33.922 [info] Added views:outline in workbench.view.explorer
2023-06-26 20:18:33.922 [info] Added views:workbench.scm in workbench.view.scm
2023-06-26 20:18:33.922 [info] Added views:workbench.view.search in workbench.view.search
2023-06-26 20:18:33.922 [info] Added views:timeline in workbench.view.explorer
2023-06-26 20:18:33.922 [info] Added views:workbench.explorer.emptyView in workbench.view.explorer
2023-06-26 20:18:34.893 [info] Added views:workbench.debug.welcome in workbench.view.debug
2023-06-26 20:18:35.699 [info] Added views:workbench.panel.repl.view in workbench.panel.repl
2023-06-26 20:20:04.123 [info] Added views:workbench.panel.markers.view in workbench.panel.markers
2023-06-26 20:20:04.123 [info] Added views:workbench.panel.output in workbench.panel.output
2023-06-26 20:20:04.123 [info] Added views:terminal in terminal
2023-06-26 20:20:04.124 [info] Added views:outline in workbench.view.explorer
2023-06-26 20:20:04.124 [info] Added views:workbench.scm in workbench.view.scm
2023-06-26 20:20:04.124 [info] Added views:workbench.view.search in workbench.view.search
2023-06-26 20:20:04.124 [info] Added views:timeline in workbench.view.explorer
2023-06-26 20:20:04.124 [info] Added views:workbench.explorer.fileView in workbench.view.explorer
2023-06-26 20:20:05.012 [info] Added views:workbench.debug.variablesView,workbench.debug.watchExpressionsView,workbench.debug.callStackView,workbench.debug.breakPointsView in workbench.view.debug
2023-06-26 20:20:05.742 [info] Added views:workbench.panel.repl.view in workbench.panel.repl
2023-06-26 20:20:05.747 [info] Removed views:workbench.debug.breakPointsView,workbench.debug.callStackView,workbench.debug.watchExpressionsView,workbench.debug.variablesView from workbench.view.debug
2023-06-26 20:20:05.749 [info] Added views:workbench.debug.welcome in workbench.view.debug
2023-06-26 20:20:09.965 [info] Added views:workbench.views.extensions.installed,workbench.views.extensions.popular,extensions.recommendedList in workbench.view.extensions
2023-06-26 20:20:09.972 [info] Removed views:workbench.views.extensions.popular from workbench.view.extensions
2023-06-26 20:20:10.631 [info] Added views:workbench.views.extensions.popular in workbench.view.extensions
2023-06-26 20:20:14.044 [info] Removed views:extensions.recommendedList,workbench.views.extensions.popular,workbench.views.extensions.installed from workbench.view.extensions
2023-06-26 20:20:14.084 [info] Added views:workbench.views.extensions.marketplace in workbench.view.extensions
2023-06-26 20:20:14.741 [info] Removed views:workbench.views.extensions.marketplace from workbench.view.extensions
2023-06-26 20:20:14.795 [info] Added views:workbench.views.extensions.installed,workbench.views.extensions.popular,extensions.recommendedList in workbench.view.extensions
2023-06-26 20:20:17.262 [info] Removed views:extensions.recommendedList,workbench.views.extensions.popular,workbench.views.extensions.installed from workbench.view.extensions
2023-06-26 20:20:17.323 [info] Added views:workbench.views.extensions.marketplace in workbench.view.extensions
2023-06-26 20:20:28.790 [info] Removed views:workbench.views.extensions.marketplace from workbench.view.extensions
2023-06-26 20:20:28.864 [info] Added views:workbench.views.extensions.installed,workbench.views.extensions.popular,extensions.recommendedList in workbench.view.extensions
2023-06-26 20:21:03.480 [info] Added views:workbench.view.testing in workbench.view.extension.test
2023-06-26 21:35:54.491 [info] Removed views:workbench.view.testing from workbench.view.extension.test
